<?xml version="1.0" encoding="UTF-8"?>
<testsuite xmlns:xsi="http://www.w3.org/2001/XMLSchema-instance" xsi:noNamespaceSchemaLocation="https://maven.apache.org/surefire/maven-surefire-plugin/xsd/surefire-test-report.xsd" version="3.0.2" name="thiago.github.SistemaCTO.SistemaCtoApplicationTests" time="3.709" tests="1" errors="0" skipped="0" failures="0">
  <properties>
[...]
</properties>
  <testcase name="contextLoads" classname="thiago.github.SistemaCTO.SistemaCtoApplicationTests" time="0.365">
    <system-out><![CDATA[14:38:30.981 [main] INFO org.springframework.test.context.support.AnnotationConfigContextLoaderUtils -- Could not detect default configuration classes for test class [thiago.github.SistemaCTO.SistemaCtoApplicationTests]: SistemaCtoApplicationTests does not declare any static, non-private, non-final, nested classes annotated with @Configuration.
14:38:31.106 [main] INFO org.springframework.boot.test.context.SpringBootTestContextBootstrapper -- Found @SpringBootConfiguration thiago.github.SistemaCTO.SistemaCtoApplication for test class thiago.github.SistemaCTO.SistemaCtoApplicationTests
14:38:31.315 [main] INFO org.springframework.boot.devtools.restart.RestartApplicationListener -- Restart disabled due to context in which it is running

  .   ____          _            __ _ _
 /\\ / ___'_ __ _ _(_)_ __  __ _ \ \ \ \
( ( )\___ | '_ | '_| | '_ \/ _` | \ \ \ \
 \\/  ___)| |_)| | | | | || (_| |  ) ) ) )
  '  |____| .__|_| |_|_| |_\__, | / / / /
 =========|_|==============|___/=/_/_/_/

 :: Spring Boot ::                (v4.0.2)

2026-02-13T14:38:31.544-03:00  INFO 17740 --- [SistemaCTO] [           main] t.g.S.SistemaCtoApplicationTests         : Starting SistemaCtoApplicationTests using Java 21.0.8 with PID 17740 (started by ts333 in C:\Users\ts333\OneDrive\Documentos\Projeto Spring boot\Seleção\SistemaCTO\SistemaCTO)
2026-02-13T14:38:31.546-03:00  INFO 17740 --- [SistemaCTO] [           main] t.g.S.SistemaCtoApplicationTests         : No active profile set, falling back to 1 default profile: "default"
2026-02-13T14:38:32.138-03:00  INFO 17740 --- [SistemaCTO] [           main] .s.d.r.c.RepositoryConfigurationDelegate : Bootstrapping Spring Data JPA repositories in DEFAULT mode.
2026-02-13T14:38:32.163-03:00  INFO 17740 --- [SistemaCTO] [           main] .s.d.r.c.RepositoryConfigurationDelegate : Finished Spring Data repository scanning in 12 ms. Found 0 JPA repository interfaces.
2026-02-13T14:38:32.450-03:00  INFO 17740 --- [SistemaCTO] [           main] com.zaxxer.hikari.HikariDataSource       : HikariPool-1 - Starting...
2026-02-13T14:38:32.629-03:00  INFO 17740 --- [SistemaCTO] [           main] com.zaxxer.hikari.pool.HikariPool        : HikariPool-1 - Added connection conn0: url=jdbc:h2:mem:48f2e17f-9d5e-40be-ae5b-8bdbf4d0bd23 user=SA
2026-02-13T14:38:32.631-03:00  INFO 17740 --- [SistemaCTO] [           main] com.zaxxer.hikari.HikariDataSource       : HikariPool-1 - Start completed.
2026-02-13T14:38:32.665-03:00  INFO 17740 --- [SistemaCTO] [           main] org.hibernate.orm.jpa                    : HHH008540: Processing PersistenceUnitInfo [name: default]
2026-02-13T14:38:32.745-03:00  INFO 17740 --- [SistemaCTO] [           main] org.hibernate.orm.core                   : HHH000001: Hibernate ORM core version 7.2.1.Final
2026-02-13T14:38:33.215-03:00  INFO 17740 --- [SistemaCTO] [           main] o.s.o.j.p.SpringPersistenceUnitInfo      : No LoadTimeWeaver setup: ignoring JPA class transformer
2026-02-13T14:38:33.284-03:00  INFO 17740 --- [SistemaCTO] [           main] org.hibernate.orm.connections.pooling    : HHH10001005: Database info:
	Database JDBC URL [jdbc:h2:mem:48f2e17f-9d5e-40be-ae5b-8bdbf4d0bd23]
	Database driver: H2 JDBC Driver
	Database dialect: H2Dialect
	Database version: 2.4.240
	Default catalog/schema: 48F2E17F-9D5E-40BE-AE5B-8BDBF4D0BD23/PUBLIC
	Autocommit mode: undefined/unknown
	Isolation level: READ_COMMITTED [default READ_COMMITTED]
	JDBC fetch size: 100
	Pool: DataSourceConnectionProvider
	Minimum pool size: undefined/unknown
	Maximum pool size: undefined/unknown
2026-02-13T14:38:33.607-03:00  INFO 17740 --- [SistemaCTO] [           main] org.hibernate.orm.core                   : HHH000489: No JTA platform available (set 'hibernate.transaction.jta.platform' to enable JTA platform integration)
2026-02-13T14:38:33.614-03:00  INFO 17740 --- [SistemaCTO] [           main] j.LocalContainerEntityManagerFactoryBean : Initialized JPA EntityManagerFactory for persistence unit 'default'
2026-02-13T14:38:33.699-03:00  WARN 17740 --- [SistemaCTO] [           main] JpaBaseConfiguration$JpaWebConfiguration : spring.jpa.open-in-view is enabled by default. Therefore, database queries may be performed during view rendering. Explicitly configure spring.jpa.open-in-view to disable this warning
2026-02-13T14:38:34.096-03:00  INFO 17740 --- [SistemaCTO] [           main] t.g.S.SistemaCtoApplicationTests         : Started SistemaCtoApplicationTests in 2.794 seconds (process running for 3.968)
]]></system-out>
    <system-err><![CDATA[Mockito is currently self-attaching to enable the inline-mock-maker. This will no longer work in future releases of the JDK. Please add Mockito as an agent to your build as described in Mockito's documentation: https://javadoc.io/doc/org.mockito/mockito-core/latest/org.mockito/org/mockito/Mockito.html#0.3
WARNING: A Java agent has been loaded dynamically (C:\Users\ts333\.m2\repository\net\bytebuddy\byte-buddy-agent\1.17.8\byte-buddy-agent-1.17.8.jar)
WARNING: If a serviceability tool is in use, please run with -XX:+EnableDynamicAgentLoading to hide this warning
WARNING: If a serviceability tool is not in use, please run with -Djdk.instrument.traceUsage for more information
WARNING: Dynamic loading of agents will be disallowed by default in a future release
]]></system-err>
  </testcase>
</testsuite>